Crashlog created at 2021-06-04 18:07:16 -0300

===== MESSAGE:

RuntimeError: PandocLuaError "Error during function call: Error during function call: Error running pdflatex (error code 1): This is pdfTeX, Version 3.14159265-2.6-1.40.21 (TeX Live 2020/Arch Linux) (preloaded format=pdflatex)\n restricted \\write18 enabled.\nentering extended mode\n(/tmp/tikz2image-66241fef013be1db/tikz-image.tex\nLaTeX2e <2020-10-01> patch level 2\nL3 programming layer <2020-12-03> xparse <2020-03-03>\n(/usr/share/texmf-dist/tex/latex/standalone/standalone.cls\nDocument Class: standalone 2018/03/26 v1.3a Class to compile TeX sub-files stan\ndalone\n(/usr/share/texmf-dist/tex/latex/tools/shellesc.sty)\n(/usr/share/texmf-dist/tex/generic/iftex/ifluatex.sty\n(/usr/share/texmf-dist/tex/generic/iftex/iftex.sty))\n(/usr/share/texmf-dist/tex/latex/xkeyval/xkeyval.sty\n(/usr/share/texmf-dist/tex/generic/xkeyval/xkeyval.tex\n(/usr/share/texmf-dist/tex/generic/xkeyval/xkvutils.tex\n(/usr/share/texmf-dist/tex/generic/xkeyval/keyval.tex))))\n(/usr/share/texmf-dist/tex/latex/standalone/standalone.cfg)\n(/usr/share/texmf-dist/tex/latex/base/article.cls\nDocument Class: article 2020/04/10 v1.4m Standard LaTeX document class\n(/usr/share/texmf-dist/tex/latex/base/size10.clo))\n(/usr/share/texmf-dist/tex/latex/varwidth/varwidth.sty))\n(/usr/share/texmf-dist/tex/latex/pgf/frontendlayer/tikz.sty\n(/usr/share/texmf-dist/tex/latex/pgf/basiclayer/pgf.sty\n(/usr/share/texmf-dist/tex/latex/pgf/utilities/pgfrcs.sty\n(/usr/share/texmf-dist/tex/generic/pgf/utilities/pgfutil-common.tex\n(/usr/share/texmf-dist/tex/generic/pgf/utilities/pgfutil-common-lists.tex))\n(/usr/share/texmf-dist/tex/generic/pgf/utilities/pgfutil-latex.def)\n(/usr/share/texmf-dist/tex/generic/pgf/utilities/pgfrcs.code.tex\n(/usr/share/texmf-dist/tex/generic/pgf/pgf.revision.tex)))\n(/usr/share/texmf-dist/tex/latex/pgf/basiclayer/pgfcore.sty\n(/usr/share/texmf-dist/tex/latex/graphics/graphicx.sty\n(/usr/share/texmf-dist/tex/latex/graphics/graphics.sty\n(/usr/share/texmf-dist/tex/latex/graphics/trig.sty)\n(/usr/share/texmf-dist/tex/latex/graphics-cfg/graphics.cfg)\n(/usr/share/texmf-dist/tex/latex/graphics-def/pdftex.def)))\n(/usr/share/texmf-dist/tex/latex/pgf/systemlayer/pgfsys.sty\n(/usr/share/texmf-dist/tex/generic/pgf/systemlayer/pgfsys.code.tex\n(/usr/share/texmf-dist/tex/generic/pgf/utilities/pgfkeys.code.tex\n(/usr/share/texmf-dist/tex/generic/pgf/utilities/pgfkeysfiltered.code.tex))\n(/usr/share/texmf-dist/tex/generic/pgf/systemlayer/pgf.cfg)\n(/usr/share/texmf-dist/tex/generic/pgf/systemlayer/pgfsys-pdftex.def\n(/usr/share/texmf-dist/tex/generic/pgf/systemlayer/pgfsys-common-pdf.def)))\n(/usr/share/texmf-dist/tex/generic/pgf/systemlayer/pgfsyssoftpath.code.tex)\n(/usr/share/texmf-dist/tex/generic/pgf/systemlayer/pgfsysprotocol.code.tex))\n(/usr/share/texmf-dist/tex/latex/xcolor/xcolor.sty\n(/usr/share/texmf-dist/tex/latex/graphics-cfg/color.cfg))\n(/usr/share/texmf-dist/tex/generic/pgf/basiclayer/pgfcore.code.tex\n(/usr/share/texmf-dist/tex/generic/pgf/math/pgfmath.code.tex\n(/usr/share/texmf-dist/tex/generic/pgf/math/pgfmathcalc.code.tex\n(/usr/share/texmf-dist/tex/generic/pgf/math/pgfmathutil.code.tex)\n(/usr/share/texmf-dist/tex/generic/pgf/math/pgfmathparser.code.tex)\n(/usr/share/texmf-dist/tex/generic/pgf/math/pgfmathfunctions.code.tex\n(/usr/share/texmf-dist/tex/generic/pgf/math/pgfmathfunctions.basic.code.tex)\n(/usr/share/texmf-dist/tex/generic/pgf/math/pgfmathfunctions.trigonometric.code\n.tex)\n(/usr/share/texmf-dist/tex/generic/pgf/math/pgfmathfunctions.random.code.tex)\n(/usr/share/texmf-dist/tex/generic/pgf/math/pgfmathfunctions.comparison.code.te\nx) (/usr/share/texmf-dist/tex/generic/pgf/math/pgfmathfunctions.base.code.tex)\n(/usr/share/texmf-dist/tex/generic/pgf/math/pgfmathfunctions.round.code.tex)\n(/usr/share/texmf-dist/tex/generic/pgf/math/pgfmathfunctions.misc.code.tex)\n(/usr/share/texmf-dist/tex/generic/pgf/math/pgfmathfunctions.integerarithmetics\n.code.tex))) (/usr/share/texmf-dist/tex/generic/pgf/math/pgfmathfloat.code.tex)\n) (/usr/share/texmf-dist/tex/generic/pgf/math/pgfint.code.tex)\n(/usr/share/texmf-dist/tex/generic/pgf/basiclayer/pgfcorepoints.code.tex)\n(/usr/share/texmf-dist/tex/generic/pgf/basiclayer/pgfcorepathconstruct.code.tex\n) (/usr/share/texmf-dist/tex/generic/pgf/basiclayer/pgfcorepathusage.code.tex)\n(/usr/share/texmf-dist/tex/generic/pgf/basiclayer/pgfcorescopes.code.tex)\n(/usr/share/texmf-dist/tex/generic/pgf/basiclayer/pgfcoregraphicstate.code.tex)\n\n(/usr/share/texmf-dist/tex/generic/pgf/basiclayer/pgfcoretransformations.code.t\nex) (/usr/share/texmf-dist/tex/generic/pgf/basiclayer/pgfcorequick.code.tex)\n(/usr/share/texmf-dist/tex/generic/pgf/basiclayer/pgfcoreobjects.code.tex)\n(/usr/share/texmf-dist/tex/generic/pgf/basiclayer/pgfcorepathprocessing.code.te\nx) (/usr/share/texmf-dist/tex/generic/pgf/basiclayer/pgfcorearrows.code.tex)\n(/usr/share/texmf-dist/tex/generic/pgf/basiclayer/pgfcoreshade.code.tex)\n(/usr/share/texmf-dist/tex/generic/pgf/basiclayer/pgfcoreimage.code.tex\n(/usr/share/texmf-dist/tex/generic/pgf/basiclayer/pgfcoreexternal.code.tex))\n(/usr/share/texmf-dist/tex/generic/pgf/basiclayer/pgfcorelayers.code.tex)\n(/usr/share/texmf-dist/tex/generic/pgf/basiclayer/pgfcoretransparency.code.tex)\n (/usr/share/texmf-dist/tex/generic/pgf/basiclayer/pgfcorepatterns.code.tex)\n(/usr/share/texmf-dist/tex/generic/pgf/basiclayer/pgfcorerdf.code.tex)))\n(/usr/share/texmf-dist/tex/generic/pgf/modules/pgfmoduleshapes.code.tex)\n(/usr/share/texmf-dist/tex/generic/pgf/modules/pgfmoduleplot.code.tex)\n(/usr/share/texmf-dist/tex/latex/pgf/compatibility/pgfcomp-version-0-65.sty)\n(/usr/share/texmf-dist/tex/latex/pgf/compatibility/pgfcomp-version-1-18.sty))\n(/usr/share/texmf-dist/tex/latex/pgf/utilities/pgffor.sty\n(/usr/share/texmf-dist/tex/latex/pgf/utilities/pgfkeys.sty\n(/usr/share/texmf-dist/tex/generic/pgf/utilities/pgfkeys.code.tex))\n(/usr/share/texmf-dist/tex/latex/pgf/math/pgfmath.sty\n(/usr/share/texmf-dist/tex/generic/pgf/math/pgfmath.code.tex))\n(/usr/share/texmf-dist/tex/generic/pgf/utilities/pgffor.code.tex\n(/usr/share/texmf-dist/tex/generic/pgf/math/pgfmath.code.tex)))\n(/usr/share/texmf-dist/tex/generic/pgf/frontendlayer/tikz/tikz.code.tex\n(/usr/share/texmf-dist/tex/generic/pgf/libraries/pgflibraryplothandlers.code.te\nx) (/usr/share/texmf-dist/tex/generic/pgf/modules/pgfmodulematrix.code.tex)\n(/usr/share/texmf-dist/tex/generic/pgf/frontendlayer/tikz/libraries/tikzlibrary\ntopaths.code.tex))) (/usr/share/texmf-dist/tex/latex/adjustbox/adjustbox.sty\n(/usr/share/texmf-dist/tex/latex/adjustbox/adjcalc.sty)\n(/usr/share/texmf-dist/tex/latex/adjustbox/trimclip.sty\n(/usr/share/texmf-dist/tex/latex/collectbox/collectbox.sty)\n(/usr/share/texmf-dist/tex/latex/adjustbox/tc-pdftex.def))\n(/usr/share/texmf-dist/tex/latex/ifoddpage/ifoddpage.sty))\n(/usr/share/texmf-dist/tex/latex/amsmath/amsmath.sty\nFor additional information on amsmath, use the `?' option.\n(/usr/share/texmf-dist/tex/latex/amsmath/amstext.sty\n(/usr/share/texmf-dist/tex/latex/amsmath/amsgen.sty))\n(/usr/share/texmf-dist/tex/latex/amsmath/amsbsy.sty)\n(/usr/share/texmf-dist/tex/latex/amsmath/amsopn.sty))\n(/usr/share/texmf-dist/tex/latex/amscls/amsthm.sty)\n(/usr/share/texmf-dist/tex/latex/mathtools/mathtools.sty\n(/usr/share/texmf-dist/tex/latex/tools/calc.sty)\n(/usr/share/texmf-dist/tex/latex/mathtools/mhsetup.sty))\n(/usr/share/texmf-dist/tex/latex/amsfonts/amssymb.sty\n(/usr/share/texmf-dist/tex/latex/amsfonts/amsfonts.sty))\n(/usr/share/texmf-dist/tex/latex/extarrows/extarrows.sty)\n(/usr/share/texmf-dist/tex/latex/xcolor-material/xcolor-material.sty\n(/usr/share/texmf-dist/tex/latex/kvoptions/kvoptions.sty\n(/usr/share/texmf-dist/tex/generic/ltxcmds/ltxcmds.sty)\n(/usr/share/texmf-dist/tex/generic/kvsetkeys/kvsetkeys.sty)))\n(/usr/share/texmf-dist/tex/latex/pgfplots/pgfplots.sty\n(/usr/share/texmf-dist/tex/generic/pgfplots/pgfplots.revision.tex)\n(/usr/share/texmf-dist/tex/generic/pgfplots/pgfplots.code.tex\n(/usr/share/texmf-dist/tex/generic/pgfplots/pgfplotscore.code.tex\n(/usr/share/texmf-dist/tex/generic/pgfplots/sys/pgfplotssysgeneric.code.tex))\n(/usr/share/texmf-dist/tex/generic/pgfplots/libs/pgfplotslibrary.code.tex)\n(/usr/share/texmf-dist/tex/generic/pgfplots/oldpgfcompatib/pgfplotsoldpgfsupp_l\noader.code.tex\n(/usr/share/texmf-dist/tex/generic/pgf/libraries/pgflibraryfpu.code.tex))\n(/usr/share/texmf-dist/tex/generic/pgfplots/util/pgfplotsutil.code.tex\n(/usr/share/texmf-dist/tex/generic/pgfplots/liststructure/pgfplotsliststructure\n.code.tex)\n(/usr/share/texmf-dist/tex/generic/pgfplots/liststructure/pgfplotsliststructure\next.code.tex)\n(/usr/share/texmf-dist/tex/generic/pgfplots/liststructure/pgfplotsarray.code.te\nx)\n(/usr/share/texmf-dist/tex/generic/pgfplots/liststructure/pgfplotsmatrix.code.t\nex)\n(/usr/share/texmf-dist/tex/generic/pgfplots/numtable/pgfplotstableshared.code.t\nex)\n(/usr/share/texmf-dist/tex/generic/pgfplots/liststructure/pgfplotsdeque.code.te\nx) (/usr/share/texmf-dist/tex/generic/pgfplots/util/pgfplotsbinary.code.tex\n(/usr/share/texmf-dist/tex/generic/pgfplots/util/pgfplotsbinary.data.code.tex))\n(/usr/share/texmf-dist/tex/generic/pgfplots/util/pgfplotsutil.verb.code.tex)\n(/usr/share/texmf-dist/tex/generic/pgfplots/libs/pgflibrarypgfplots.surfshading\n.code.tex\n(/usr/share/texmf-dist/tex/generic/pgfplots/sys/pgflibrarypgfplots.surfshading.\npgfsys-pdftex.def)))\n(/usr/share/texmf-dist/tex/generic/pgfplots/util/pgfplotscolormap.code.tex\n(/usr/share/texmf-dist/tex/generic/pgfplots/util/pgfplotscolor.code.tex))\n(/usr/share/texmf-dist/tex/generic/pgfplots/pgfplotsstackedplots.code.tex)\n(/usr/share/texmf-dist/tex/generic/pgfplots/pgfplotsplothandlers.code.tex\n(/usr/share/texmf-dist/tex/generic/pgfplots/pgfplotsmeshplothandler.code.tex\n(/usr/share/texmf-dist/tex/generic/pgfplots/pgfplotsmeshplotimage.code.tex)))\n(/usr/share/texmf-dist/tex/generic/pgfplots/pgfplots.scaling.code.tex)\n(/usr/share/texmf-dist/tex/generic/pgfplots/pgfplotscoordprocessing.code.tex)\n(/usr/share/texmf-dist/tex/generic/pgfplots/pgfplots.errorbars.code.tex)\n(/usr/share/texmf-dist/tex/generic/pgfplots/pgfplots.markers.code.tex)\n(/usr/share/texmf-dist/tex/generic/pgfplots/pgfplotsticks.code.tex)\n(/usr/share/texmf-dist/tex/generic/pgfplots/pgfplots.paths.code.tex)\n(/usr/share/texmf-dist/tex/generic/pgf/frontendlayer/tikz/libraries/tikzlibrary\ndecorations.code.tex\n(/usr/share/texmf-dist/tex/generic/pgf/modules/pgfmoduledecorations.code.tex))\n(/usr/share/texmf-dist/tex/generic/pgf/frontendlayer/tikz/libraries/tikzlibrary\ndecorations.pathmorphing.code.tex\n(/usr/share/texmf-dist/tex/generic/pgf/libraries/decorations/pgflibrarydecorati\nons.pathmorphing.code.tex))\n(/usr/share/texmf-dist/tex/generic/pgf/frontendlayer/tikz/libraries/tikzlibrary\ndecorations.pathreplacing.code.tex\n(/usr/share/texmf-dist/tex/generic/pgf/libraries/decorations/pgflibrarydecorati\nons.pathreplacing.code.tex)))\n(/usr/share/texmf-dist/tex/generic/pgf/frontendlayer/tikz/libraries/tikzlibrary\nplotmarks.code.tex\n(/usr/share/texmf-dist/tex/generic/pgf/libraries/pgflibraryplotmarks.code.tex))\n)\n(/usr/share/texmf-dist/tex/generic/pgf/frontendlayer/tikz/libraries/tikzlibrary\narrows.code.tex\n(/usr/share/texmf-dist/tex/generic/pgf/libraries/pgflibraryarrows.code.tex))\n(/usr/share/texmf-dist/tex/generic/pgf/frontendlayer/tikz/libraries/tikzlibrary\ndecorations.markings.code.tex\n(/usr/share/texmf-dist/tex/generic/pgf/libraries/decorations/pgflibrarydecorati\nons.markings.code.tex))\n(/usr/share/texmf-dist/tex/generic/pgf/frontendlayer/tikz/libraries/tikzlibrary\nshapes.geometric.code.tex\n(/usr/share/texmf-dist/tex/generic/pgf/libraries/shapes/pgflibraryshapes.geomet\nric.code.tex))\n(/usr/share/texmf-dist/tex/generic/pgf/frontendlayer/tikz/libraries/tikzlibrary\nbabel.code.tex)\n(/usr/share/texmf-dist/tex/generic/pgf/frontendlayer/tikz/libraries/tikzlibrary\npositioning.code.tex)\n(/usr/share/texmf-dist/tex/generic/pgf/frontendlayer/tikz/libraries/tikzlibrary\ncalc.code.tex)\n(/usr/share/texmf-dist/tex/generic/pgf/frontendlayer/tikz/libraries/tikzlibrary\nfit.code.tex)\n(/usr/share/texmf-dist/tex/generic/pgf/frontendlayer/tikz/libraries/tikzlibrary\nmath.code.tex\n(/usr/share/texmf-dist/tex/generic/pgf/frontendlayer/tikz/libraries/tikzlibrary\nfpu.code.tex)) (/usr/share/texmf-dist/tex/latex/l3backend/l3backend-pdftex.def)\n\nNo file tikz-image.aux.\n(/usr/share/texmf-dist/tex/context/base/mkii/supp-pdf.mkii\n[Loading MPS to PDF converter (version 2006.09.02).]\n) (/usr/share/texmf-dist/tex/latex/epstopdf-pkg/epstopdf-base.sty\n(/usr/share/texmf-dist/tex/latex/latexconfig/epstopdf-sys.cfg))\n\nPackage pgfplots Warning: running in backwards compatibility mode (unsuitable t\nick labels; missing features). Consider writing \\pgfplotsset{compat=1.17} into \nyour preamble.\n on input line 205.\n\n(/usr/share/texmf-dist/tex/latex/amsfonts/umsa.fd)\n(/usr/share/texmf-dist/tex/latex/amsfonts/umsb.fd)\n\n! Package pgfkeys Error: I do not know the key 'width', to which you passed '4'\n, and I am going to ignore it. Perhaps you misspelled it.\n\nSee the pgfkeys package documentation for explanation.\nType  H <return>  for immediate help.\n ...                                              \n                                                  \nl.215   -- node[vs] {$W$} (e);\n                              \n? \n! Emergency stop.\n ...                                              \n                                                  \nl.215   -- node[vs] {$W$} (e);\n                              \n!  ==> Fatal error occurred, no output PDF file produced!\nTranscript written on /tmp/tikz2image-66241fef013be1db/tikz-image.log.\n"
\begin{tikzpicture}[disp]
  \centering
  \matrix (c) {
    \coordinate (s); \\
    \node[below= .6 of s,box] (f) {$f$};
    \coordinate[below= .6 of f] (e); \\
    };
  \draw[oes={->-}] (s)
  -- node[vs] {$V$} (f)
  -- node[vs] {$W$} (e);

  \matrix[right= 3 of f] (c) {
    \node[box] (f) {$g$};
    \heads[2]{f}{0}
    \tails[2]{f}{2}\\
  };
  \node[vs,left= of f-hs-1] {$V_1$};
  \node[vs,right=of f-hs-2] {$V_n$};
  \node[vs,between= f-hs-1 and f-hs-2,yshift=1mm,xshift=.7mm]
  {$...$};
  \node[vs,left= of f-ts-2] {$W_1$};
  \node[vs,right=of f-ts-1] {$W_m$};
  \node[vs,between= f-ts-1 and f-ts-2,yshift=1mm,xshift=.7mm]
  {$...$};
\end{tikzpicture}

\begin{tikzpicture}[disp]
    \matrix (c2) {
      \node (s)   {};
      \node[below= .6 of s, box  ] (f)   {$f$};
      \node[below= .6 of f, box  ] (g)   {$g$};
      \node[below= .6 of g       ] (e)   {}; \\
    };
    \draw[oes={->-}] (s)
    -- node[vs] {$V$} (f)
    -- node[vs] {$W$} (g)
    -- node[vs] {$U$} (e);

    \defeq{c2};

    \matrix[rofeq   ] {
      \node (s)  {};
      \node[below= .6 of s, box  ] (gof) {$g\circ f$};
      \node[below= .6 of gof     ] (e)  {}; \\
    };
    \draw[oes={->-}] (s)
    -- node[vs] {$V$} (gof)
    -- node[vs] {$U$} (e);
\end{tikzpicture}
nError running filter ./lib/latex-fig.lua:
./lib/latex-fig.lua:181: Image conversion failed. Aborting.
stack traceback:
	[C]: in function 'error'
	./lib/latex-fig.lua:181: in function 'RawBlock'

===== ITEM BEING COMPILED:

Current item: /artigos/diagramas-de-tensores.org (:default representation)

===== STACK TRACE:

  0. /home/lucas/.local/share/gem/ruby/3.0.0/gems/pandoc-ruby-2.1.4/lib/pandoc-ruby.rb:277:in `execute'
  1. /home/lucas/.local/share/gem/ruby/3.0.0/gems/pandoc-ruby-2.1.4/lib/pandoc-ruby.rb:253:in `execute_pandoc'
  2. /home/lucas/.local/share/gem/ruby/3.0.0/gems/pandoc-ruby-2.1.4/lib/pandoc-ruby.rb:245:in `convert_string'
  3. /home/lucas/.local/share/gem/ruby/3.0.0/gems/pandoc-ruby-2.1.4/lib/pandoc-ruby.rb:187:in `convert'
  4. /home/lucas/.local/share/gem/ruby/3.0.0/gems/pandoc-ruby-2.1.4/lib/pandoc-ruby.rb:126:in `convert'
  5. /home/lucas/.local/share/gem/ruby/3.0.0/gems/nanoc-4.12.2/lib/nanoc/filters/pandoc.rb:37:in `run'
  6. /home/lucas/.local/share/gem/ruby/3.0.0/gems/nanoc-core-4.12.2/lib/nanoc/core/filter.rb:188:in `setup_and_run'
  7. /home/lucas/.local/share/gem/ruby/3.0.0/gems/nanoc-core-4.12.2/lib/nanoc/core/executor.rb:22:in `filter'
  8. /home/lucas/.local/share/gem/ruby/3.0.0/gems/nanoc-core-4.12.2/lib/nanoc/core/compilation_phases/recalculate.rb:32:in `block in run'
  9. /home/lucas/.local/share/gem/ruby/3.0.0/gems/nanoc-core-4.12.2/lib/nanoc/core/action_sequence.rb:49:in `block in each'
  10. /home/lucas/.local/share/gem/ruby/3.0.0/gems/nanoc-core-4.12.2/lib/nanoc/core/action_sequence.rb:49:in `each'
  11. /home/lucas/.local/share/gem/ruby/3.0.0/gems/nanoc-core-4.12.2/lib/nanoc/core/action_sequence.rb:49:in `each'
  12. /home/lucas/.local/share/gem/ruby/3.0.0/gems/nanoc-core-4.12.2/lib/nanoc/core/compilation_phases/recalculate.rb:29:in `run'
  13. /home/lucas/.local/share/gem/ruby/3.0.0/gems/nanoc-core-4.12.2/lib/nanoc/core/compilation_phases/abstract.rb:23:in `call'
  14. /home/lucas/.local/share/gem/ruby/3.0.0/gems/nanoc-core-4.12.2/lib/nanoc/core/compilation_phases/abstract.rb:25:in `block in call'
  15. /home/lucas/.local/share/gem/ruby/3.0.0/gems/nanoc-core-4.12.2/lib/nanoc/core/compilation_phases/cache.rb:25:in `run'
  16. /home/lucas/.local/share/gem/ruby/3.0.0/gems/nanoc-core-4.12.2/lib/nanoc/core/compilation_phases/abstract.rb:23:in `call'
  17. /home/lucas/.local/share/gem/ruby/3.0.0/gems/nanoc-core-4.12.2/lib/nanoc/core/compilation_phases/abstract.rb:25:in `block in call'
  18. /home/lucas/.local/share/gem/ruby/3.0.0/gems/nanoc-core-4.12.2/lib/nanoc/core/compilation_phases/resume.rb:14:in `block in run'

===== VERSION INFORMATION:

Nanoc 4.12.2 © 2007–2021 Denis Defreyne.
Running ruby 3.0.1 (2021-04-05) on x86_64-linux with RubyGems 3.2.15.

===== SYSTEM INFORMATION:

Linux lucas 5.10.36-2-MANJARO #1 SMP PREEMPT Tue May 11 19:38:44 UTC 2021 x86_64 GNU/Linux

===== INSTALLED GEMS:

  activesupport 6.1.3.2
  addressable 2.7.0
  adsf 1.4.6
  ast 2.4.2
  builder 3.2.4
  bundler 2.2.19
  coderay 1.1.3
  colored 1.2
  concurrent-ruby 1.1.8
  cri 2.15.11
  ddmemoize 1.0.0
  ddmetrics 1.0.1
  ddplugin 1.0.3
  diff-lcs 1.4.4
  ffi 1.15.1
  formatador 0.2.5
  guard 2.17.0
  guard-compat 1.2.1
  guard-nanoc 2.1.9
  hamster 3.0.0
  i18n 1.8.10
  json_schema 0.21.0
  kramdown 2.3.1
  language_server-protocol 3.16.0.1
  listen 3.5.1
  lumberjack 1.2.8
  method_source 1.0.0
  minitest 5.14.4
  nanoc 4.12.2
  nanoc-checking 1.0.1
  nanoc-cli 4.12.2
  nanoc-core 4.12.2
  nanoc-deploying 1.0.1
  nenv 0.3.0
  notiffany 0.1.3
  pandoc-ruby 2.1.4
  parallel 1.20.1
  parser 3.0.1.1
  pastel 0.8.0
  pry 0.14.1
  public_suffix 4.0.6
  rack 2.2.3
  rainbow 3.0.0
  rb-fsevent 0.11.0
  rb-inotify 0.10.1
  rbs 1.2.1
  ref 2.0.0
  rexml 3.2.5
  shellany 0.0.1
  slow_enumerator_tools 1.1.0
  steep 0.44.1
  terminal-table 3.0.1
  thor 1.1.0
  tty-color 0.6.0
  tty-command 0.10.1
  tty-platform 0.3.0
  tty-which 0.4.2
  tzinfo 2.0.4
  unicode-display_width 2.0.0
  webrick 1.7.0
  zeitwerk 2.4.2

===== GEMFILE.LOCK:

GEM
  remote: https://rubygems.org/
  specs:
    activesupport (6.1.3.2)
      concurrent-ruby (~> 1.0, >= 1.0.2)
      i18n (>= 1.6, < 2)
      minitest (>= 5.1)
      tzinfo (~> 2.0)
      zeitwerk (~> 2.3)
    addressable (2.7.0)
      public_suffix (>= 2.0.2, < 5.0)
    adsf (1.4.6)
      rack (>= 1.0.0, < 3.0.0)
    ast (2.4.2)
    builder (3.2.4)
    coderay (1.1.3)
    colored (1.2)
    concurrent-ruby (1.1.8)
    cri (2.15.11)
    ddmemoize (1.0.0)
      ddmetrics (~> 1.0)
      ref (~> 2.0)
    ddmetrics (1.0.1)
    ddplugin (1.0.3)
    diff-lcs (1.4.4)
    ffi (1.15.1)
    formatador (0.2.5)
    guard (2.17.0)
      formatador (>= 0.2.4)
      listen (>= 2.7, < 4.0)
      lumberjack (>= 1.0.12, < 2.0)
      nenv (~> 0.1)
      notiffany (~> 0.0)
      pry (>= 0.9.12)
      shellany (~> 0.0)
      thor (>= 0.18.1)
    guard-compat (1.2.1)
    guard-nanoc (2.1.9)
      guard (~> 2.8)
      guard-compat (~> 1.0)
      nanoc-cli (~> 4.11, >= 4.11.14)
      nanoc-core (~> 4.11, >= 4.11.14)
    hamster (3.0.0)
      concurrent-ruby (~> 1.0)
    i18n (1.8.10)
      concurrent-ruby (~> 1.0)
    json_schema (0.21.0)
    kramdown (2.3.1)
      rexml
    language_server-protocol (3.16.0.1)
    listen (3.5.1)
      rb-fsevent (~> 0.10, >= 0.10.3)
      rb-inotify (~> 0.9, >= 0.9.10)
    lumberjack (1.2.8)
    method_source (1.0.0)
    minitest (5.14.4)
    nanoc (4.12.2)
      addressable (~> 2.5)
      colored (~> 1.2)
      nanoc-checking (~> 1.0)
      nanoc-cli (= 4.12.2)
      nanoc-core (= 4.12.2)
      nanoc-deploying (~> 1.0)
      parallel (~> 1.12)
      tty-command (~> 0.8)
      tty-which (~> 0.4)
    nanoc-checking (1.0.1)
      nanoc-cli (~> 4.11, >= 4.11.15)
      nanoc-core (~> 4.11, >= 4.11.15)
    nanoc-cli (4.12.2)
      cri (~> 2.15)
      diff-lcs (~> 1.3)
      nanoc-core (= 4.12.2)
      zeitwerk (~> 2.1)
    nanoc-core (4.12.2)
      concurrent-ruby (~> 1.1)
      ddmemoize (~> 1.0)
      ddmetrics (~> 1.0)
      ddplugin (~> 1.0)
      hamster (~> 3.0)
      json_schema (~> 0.19)
      slow_enumerator_tools (~> 1.0)
      tty-platform (~> 0.2)
      zeitwerk (~> 2.1)
    nanoc-deploying (1.0.1)
      nanoc-checking (~> 1.0)
      nanoc-cli (~> 4.11, >= 4.11.15)
      nanoc-core (~> 4.11, >= 4.11.15)
    nenv (0.3.0)
    notiffany (0.1.3)
      nenv (~> 0.1)
      shellany (~> 0.0)
    pandoc-ruby (2.1.4)
    parallel (1.20.1)
    parser (3.0.1.1)
      ast (~> 2.4.1)
    pastel (0.8.0)
      tty-color (~> 0.5)
    pry (0.14.1)
      coderay (~> 1.1)
      method_source (~> 1.0)
    public_suffix (4.0.6)
    rack (2.2.3)
    rainbow (3.0.0)
    rb-fsevent (0.11.0)
    rb-inotify (0.10.1)
      ffi (~> 1.0)
    rbs (1.2.1)
    ref (2.0.0)
    rexml (3.2.5)
    shellany (0.0.1)
    slow_enumerator_tools (1.1.0)
    steep (0.44.1)
      activesupport (>= 5.1)
      language_server-protocol (>= 3.15, < 4.0)
      listen (~> 3.0)
      parallel (>= 1.0.0)
      parser (>= 2.7)
      rainbow (>= 2.2.2, < 4.0)
      rbs (>= 1.2.0)
      terminal-table (>= 2, < 4)
    terminal-table (3.0.1)
      unicode-display_width (>= 1.1.1, < 3)
    thor (1.1.0)
    tty-color (0.6.0)
    tty-command (0.10.1)
      pastel (~> 0.8)
    tty-platform (0.3.0)
    tty-which (0.4.2)
    tzinfo (2.0.4)
      concurrent-ruby (~> 1.0)
    unicode-display_width (2.0.0)
    webrick (1.7.0)
    zeitwerk (2.4.2)

PLATFORMS
  x86_64-linux

DEPENDENCIES
  adsf
  builder
  guard-nanoc
  kramdown
  nanoc (~> 4.3)
  pandoc-ruby
  steep
  webrick

BUNDLED WITH
   2.2.19

===== LOAD PATHS:

  0. /home/lucas/.local/share/gem/ruby/3.0.0/gems/ref-2.0.0/lib
  1. /home/lucas/.local/share/gem/ruby/3.0.0/gems/bundler-2.2.19/lib
  2. /home/lucas/.local/share/gem/ruby/3.0.0/gems/webrick-1.7.0/lib
  3. /home/lucas/.local/share/gem/ruby/3.0.0/gems/steep-0.44.1/lib
  4. /home/lucas/.local/share/gem/ruby/3.0.0/gems/terminal-table-3.0.1/lib
  5. /home/lucas/.local/share/gem/ruby/3.0.0/gems/unicode-display_width-2.0.0/lib
  6. /home/lucas/.local/share/gem/ruby/3.0.0/gems/rbs-1.2.1/lib
  7. /home/lucas/.local/share/gem/ruby/3.0.0/gems/rainbow-3.0.0/lib
  8. /home/lucas/.local/share/gem/ruby/3.0.0/gems/parser-3.0.1.1/lib
  9. /home/lucas/.local/share/gem/ruby/3.0.0/gems/pandoc-ruby-2.1.4/lib
  10. /home/lucas/.local/share/gem/ruby/3.0.0/gems/nanoc-4.12.2/lib
  11. /home/lucas/.local/share/gem/ruby/3.0.0/gems/tty-which-0.4.2/lib
  12. /home/lucas/.local/share/gem/ruby/3.0.0/gems/tty-command-0.10.1/lib
  13. /home/lucas/.local/share/gem/ruby/3.0.0/gems/pastel-0.8.0/lib
  14. /home/lucas/.local/share/gem/ruby/3.0.0/gems/tty-color-0.6.0/lib
  15. /home/lucas/.local/share/gem/ruby/3.0.0/gems/parallel-1.20.1/lib
  16. /home/lucas/.local/share/gem/ruby/3.0.0/gems/nanoc-deploying-1.0.1/lib
  17. /home/lucas/.local/share/gem/ruby/3.0.0/gems/nanoc-checking-1.0.1/lib
  18. /home/lucas/.local/share/gem/ruby/3.0.0/gems/language_server-protocol-3.16.0.1/lib
  19. /home/lucas/.local/share/gem/ruby/3.0.0/gems/kramdown-2.3.1/lib
  20. /home/lucas/.local/share/gem/ruby/3.0.0/gems/rexml-3.2.5/lib
  21. /home/lucas/.local/share/gem/ruby/3.0.0/gems/guard-nanoc-2.1.9/lib
  22. /home/lucas/.local/share/gem/ruby/3.0.0/gems/nanoc-cli-4.12.2/lib
  23. /home/lucas/.local/share/gem/ruby/3.0.0/gems/nanoc-core-4.12.2/lib
  24. /home/lucas/.local/share/gem/ruby/3.0.0/gems/tty-platform-0.3.0/lib
  25. /home/lucas/.local/share/gem/ruby/3.0.0/gems/slow_enumerator_tools-1.1.0/lib
  26. /home/lucas/.local/share/gem/ruby/3.0.0/gems/json_schema-0.21.0/lib
  27. /home/lucas/.local/share/gem/ruby/3.0.0/gems/hamster-3.0.0/lib
  28. /home/lucas/.local/share/gem/ruby/3.0.0/gems/guard-compat-1.2.1/lib
  29. /home/lucas/.local/share/gem/ruby/3.0.0/gems/guard-2.17.0/lib
  30. /home/lucas/.local/share/gem/ruby/3.0.0/gems/thor-1.1.0/lib
  31. /home/lucas/.local/share/gem/ruby/3.0.0/gems/pry-0.14.1/lib
  32. /home/lucas/.local/share/gem/ruby/3.0.0/gems/method_source-1.0.0/lib
  33. /home/lucas/.local/share/gem/ruby/3.0.0/gems/notiffany-0.1.3/lib
  34. /home/lucas/.local/share/gem/ruby/3.0.0/gems/shellany-0.0.1/lib
  35. /home/lucas/.local/share/gem/ruby/3.0.0/gems/nenv-0.3.0/lib
  36. /home/lucas/.local/share/gem/ruby/3.0.0/gems/lumberjack-1.2.8/lib
  37. /home/lucas/.local/share/gem/ruby/3.0.0/gems/listen-3.5.1/lib
  38. /home/lucas/.local/share/gem/ruby/3.0.0/gems/rb-inotify-0.10.1/lib
  39. /home/lucas/.local/share/gem/ruby/3.0.0/gems/rb-fsevent-0.11.0/lib
  40. /home/lucas/.local/share/gem/ruby/3.0.0/gems/formatador-0.2.5/lib
  41. /home/lucas/.local/share/gem/ruby/3.0.0/gems/ffi-1.15.1/lib
  42. /home/lucas/.local/share/gem/ruby/3.0.0/extensions/x86_64-linux/3.0.0/ffi-1.15.1
  43. /home/lucas/.local/share/gem/ruby/3.0.0/gems/diff-lcs-1.4.4/lib
  44. /home/lucas/.local/share/gem/ruby/3.0.0/gems/ddplugin-1.0.3/lib
  45. /home/lucas/.local/share/gem/ruby/3.0.0/gems/ddmemoize-1.0.0/lib
  46. /home/lucas/.local/share/gem/ruby/3.0.0/gems/ref-2.0.0/lib
  47. /home/lucas/.local/share/gem/ruby/3.0.0/gems/ddmetrics-1.0.1/lib
  48. /home/lucas/.local/share/gem/ruby/3.0.0/gems/cri-2.15.11/lib
  49. /home/lucas/.local/share/gem/ruby/3.0.0/gems/colored-1.2/lib
  50. /home/lucas/.local/share/gem/ruby/3.0.0/gems/coderay-1.1.3/lib
  51. /home/lucas/.local/share/gem/ruby/3.0.0/gems/builder-3.2.4/lib
  52. /home/lucas/.local/share/gem/ruby/3.0.0/gems/ast-2.4.2/lib
  53. /home/lucas/.local/share/gem/ruby/3.0.0/gems/adsf-1.4.6/lib
  54. /home/lucas/.local/share/gem/ruby/3.0.0/gems/rack-2.2.3/lib
  55. /home/lucas/.local/share/gem/ruby/3.0.0/gems/addressable-2.7.0/lib
  56. /home/lucas/.local/share/gem/ruby/3.0.0/gems/public_suffix-4.0.6/lib
  57. /home/lucas/.local/share/gem/ruby/3.0.0/gems/activesupport-6.1.3.2/lib
  58. /home/lucas/.local/share/gem/ruby/3.0.0/gems/zeitwerk-2.4.2/lib
  59. /home/lucas/.local/share/gem/ruby/3.0.0/gems/tzinfo-2.0.4/lib
  60. /home/lucas/.local/share/gem/ruby/3.0.0/gems/minitest-5.14.4/lib
  61. /home/lucas/.local/share/gem/ruby/3.0.0/gems/i18n-1.8.10/lib
  62. /home/lucas/.local/share/gem/ruby/3.0.0/gems/concurrent-ruby-1.1.8/lib/concurrent-ruby
  63. /usr/lib/ruby/site_ruby/3.0.0
  64. /usr/lib/ruby/site_ruby/3.0.0/x86_64-linux
  65. /usr/lib/ruby/site_ruby
  66. /usr/lib/ruby/vendor_ruby/3.0.0
  67. /usr/lib/ruby/vendor_ruby/3.0.0/x86_64-linux
  68. /usr/lib/ruby/vendor_ruby
  69. /usr/lib/ruby/3.0.0
  70. /usr/lib/ruby/3.0.0/x86_64-linux
